DormirBien/app/build/intermediates/manifest_merge_blame_file/debug/manifest-merger-blame-debug-report.txt
1<?xml version="1.0" encoding="utf-8"?>
2<manifest xmlns:android="http://schemas.android.com/apk/res/android"
3    package="com.dormirbien.app"
4    android:versionCode="1"
5    android:versionName="1.0" >
6
7    <uses-sdk
8        android:minSdkVersion="26"
9        android:targetSdkVersion="34" />
10
11    <!-- Alarm -->
12    <uses-permission android:name="android.permission.SET_ALARM" />
12-->src\main\AndroidManifest.xml:5:5-67
12-->src\main\AndroidManifest.xml:5:22-65
13    <uses-permission android:name="android.permission.SCHEDULE_EXACT_ALARM" />
13-->src\main\AndroidManifest.xml:6:5-78
13-->src\main\AndroidManifest.xml:6:22-76
14    <uses-permission android:name="android.permission.USE_EXACT_ALARM" />
14-->src\main\AndroidManifest.xml:7:5-73
14-->src\main\AndroidManifest.xml:7:22-71
15    <uses-permission android:name="android.permission.RECEIVE_BOOT_COMPLETED" />
15-->src\main\AndroidManifest.xml:8:5-80
15-->src\main\AndroidManifest.xml:8:22-78
16    <!-- Screen wake -->
17    <uses-permission android:name="android.permission.WAKE_LOCK" />
17-->src\main\AndroidManifest.xml:10:5-67
17-->src\main\AndroidManifest.xml:10:22-65
18    <uses-permission android:name="android.permission.USE_FULL_SCREEN_INTENT" />
18-->src\main\AndroidManifest.xml:11:5-80
18-->src\main\AndroidManifest.xml:11:22-78
19    <!-- SYSTEM_ALERT_WINDOW: lets AlarmActivity appear over lock screen on Xiaomi/MIUI -->
20    <uses-permission android:name="android.permission.SYSTEM_ALERT_WINDOW" />
20-->src\main\AndroidManifest.xml:13:5-77
20-->src\main\AndroidManifest.xml:13:22-75
21    <!-- Sound -->
22    <uses-permission android:name="android.permission.VIBRATE" />
22-->src\main\AndroidManifest.xml:15:5-65
22-->src\main\AndroidManifest.xml:15:22-63
23    <uses-permission android:name="android.permission.MODIFY_AUDIO_SETTINGS" />
23-->src\main\AndroidManifest.xml:16:5-79
23-->src\main\AndroidManifest.xml:16:22-77
24    <!-- Bypass Do Not Disturb -->
25    <uses-permission android:name="android.permission.ACCESS_NOTIFICATION_POLICY" />
25-->src\main\AndroidManifest.xml:18:5-84
25-->src\main\AndroidManifest.xml:18:22-82
26    <!-- Notifications (Android 13+) -->
27    <uses-permission android:name="android.permission.POST_NOTIFICATIONS" />
27-->src\main\AndroidManifest.xml:20:5-76
27-->src\main\AndroidManifest.xml:20:22-74
28    <!-- Foreground service -->
29    <uses-permission android:name="android.permission.FOREGROUND_SERVICE" />
29-->src\main\AndroidManifest.xml:22:5-76
29-->src\main\AndroidManifest.xml:22:22-74
30    <uses-permission android:name="android.permission.FOREGROUND_SERVICE_MEDIA_PLAYBACK" />
30-->src\main\AndroidManifest.xml:23:5-91
30-->src\main\AndroidManifest.xml:23:22-89
31
32    <permission
32-->[androidx.core:core:1.12.0] AndroidManifest.xml:22:5-24:47
33        android:name="com.dormirbien.app.DYNAMIC_RECEIVER_NOT_EXPORTED_PERMISSION"
33-->[androidx.core:core:1.12.0] AndroidManifest.xml:23:9-81
34        android:protectionLevel="signature" />
34-->[androidx.core:core:1.12.0] AndroidManifest.xml:24:9-44
35
36    <uses-permission android:name="com.dormirbien.app.DYNAMIC_RECEIVER_NOT_EXPORTED_PERMISSION" />
36-->[androidx.core:core:1.12.0] AndroidManifest.xml:26:5-97
36-->[androidx.core:core:1.12.0] AndroidManifest.xml:26:22-94
37
38    <application
38-->src\main\AndroidManifest.xml:25:5-81:19
39        android:name="com.dormirbien.app.DormirBienApp"
39-->src\main\AndroidManifest.xml:26:9-38
40        android:allowBackup="true"
40-->src\main\AndroidManifest.xml:27:9-35
41        android:appComponentFactory="androidx.core.app.CoreComponentFactory"
41-->[androidx.core:core:1.12.0] AndroidManifest.xml:28:18-86
42        android:debuggable="true"
43        android:extractNativeLibs="false"
44        android:hardwareAccelerated="true"
44-->src\main\AndroidManifest.xml:33:9-43
45        android:icon="@mipmap/ic_launcher"
45-->src\main\AndroidManifest.xml:28:9-43
46        android:label="DormirBien"
46-->src\main\AndroidManifest.xml:29:9-35
47        android:roundIcon="@mipmap/ic_launcher_round"
47-->src\main\AndroidManifest.xml:30:9-54
48        android:supportsRtl="true"
48-->src\main\AndroidManifest.xml:31:9-35
49        android:testOnly="true"
50        android:theme="@style/Theme.DormirBien" >
50-->src\main\AndroidManifest.xml:32:9-48
51        <activity
51-->src\main\AndroidManifest.xml:35:9-45:20
52            android:name="com.dormirbien.app.MainActivity"
52-->src\main\AndroidManifest.xml:36:13-41
53            android:exported="true"
53-->src\main\AndroidManifest.xml:37:13-36
54            android:launchMode="singleTop"
54-->src\main\AndroidManifest.xml:39:13-43
55            android:screenOrientation="portrait"
55-->src\main\AndroidManifest.xml:38:13-49
56            android:windowSoftInputMode="adjustResize" >
56-->src\main\AndroidManifest.xml:40:13-55
57            <intent-filter>
57-->src\main\AndroidManifest.xml:41:13-44:29
58                <action android:name="android.intent.action.MAIN" />
58-->src\main\AndroidManifest.xml:42:17-68
58-->src\main\AndroidManifest.xml:42:25-66
59
60                <category android:name="android.intent.category.LAUNCHER" />
60-->src\main\AndroidManifest.xml:43:17-76
60-->src\main\AndroidManifest.xml:43:27-74
61            </intent-filter>
62        </activity>
63
64        <!--
65            AlarmActivity:
66            exported="true"        → required for fullScreenIntent to launch it
67            showWhenLocked="true"  → shows over Keyguard (API 27+)
68            turnScreenOn="true"    → wakes screen (API 27+)
69            launchMode="singleTask"→ only one instance
70        -->
71        <activity
71-->src\main\AndroidManifest.xml:54:9-62:60
72            android:name="com.dormirbien.app.alarm.AlarmActivity"
72-->src\main\AndroidManifest.xml:55:13-48
73            android:excludeFromRecents="true"
73-->src\main\AndroidManifest.xml:61:13-46
74            android:exported="true"
74-->src\main\AndroidManifest.xml:56:13-36
75            android:launchMode="singleTask"
75-->src\main\AndroidManifest.xml:60:13-44
76            android:screenOrientation="portrait"
76-->src\main\AndroidManifest.xml:57:13-49
77            android:showWhenLocked="true"
77-->src\main\AndroidManifest.xml:58:13-42
78            android:theme="@style/Theme.DormirBien.Alarm"
78-->src\main\AndroidManifest.xml:62:13-58
79            android:turnScreenOn="true" />
79-->src\main\AndroidManifest.xml:59:13-40
80
81        <receiver
81-->src\main\AndroidManifest.xml:64:9-74:20
82            android:name="com.dormirbien.app.alarm.AlarmReceiver"
82-->src\main\AndroidManifest.xml:65:13-48
83            android:directBootAware="true"
83-->src\main\AndroidManifest.xml:67:13-43
84            android:exported="true" >
84-->src\main\AndroidManifest.xml:66:13-36
85            <intent-filter android:priority="1000" >
85-->src\main\AndroidManifest.xml:68:13-73:29
85-->src\main\AndroidManifest.xml:68:28-51
86                <action android:name="com.dormirbien.ALARM_FIRE" />
86-->src\main\AndroidManifest.xml:69:17-67
86-->src\main\AndroidManifest.xml:69:25-65
87                <action android:name="com.dormirbien.ALARM_DISMISS" />
87-->src\main\AndroidManifest.xml:70:17-70
87-->src\main\AndroidManifest.xml:70:25-68
88                <action android:name="android.intent.action.BOOT_COMPLETED" />
88-->src\main\AndroidManifest.xml:71:17-78
88-->src\main\AndroidManifest.xml:71:25-76
89                <action android:name="android.intent.action.LOCKED_BOOT_COMPLETED" />
89-->src\main\AndroidManifest.xml:72:17-85
89-->src\main\AndroidManifest.xml:72:25-83
90            </intent-filter>
91        </receiver>
92
93        <service
93-->src\main\AndroidManifest.xml:76:9-79:60
94            android:name="com.dormirbien.app.alarm.AlarmService"
94-->src\main\AndroidManifest.xml:77:13-47
95            android:exported="false"
95-->src\main\AndroidManifest.xml:78:13-37
96            android:foregroundServiceType="mediaPlayback" />
96-->src\main\AndroidManifest.xml:79:13-58
97
98        <activity
98-->[androidx.compose.ui:ui-tooling-android:1.6.1] AndroidManifest.xml:23:9-25:39
99            android:name="androidx.compose.ui.tooling.PreviewActivity"
99-->[androidx.compose.ui:ui-tooling-android:1.6.1] AndroidManifest.xml:24:13-71
100            android:exported="true" />
100-->[androidx.compose.ui:ui-tooling-android:1.6.1] AndroidManifest.xml:25:13-36
101
102        <provider
102-->[androidx.emoji2:emoji2:1.3.0] AndroidManifest.xml:24:9-32:20
103            android:name="androidx.startup.InitializationProvider"
103-->[androidx.emoji2:emoji2:1.3.0] AndroidManifest.xml:25:13-67
104            android:authorities="com.dormirbien.app.androidx-startup"
104-->[androidx.emoji2:emoji2:1.3.0] AndroidManifest.xml:26:13-68
105            android:exported="false" >
105-->[androidx.emoji2:emoji2:1.3.0] AndroidManifest.xml:27:13-37
106            <meta-data
106-->[androidx.emoji2:emoji2:1.3.0] AndroidManifest.xml:29:13-31:52
107                android:name="androidx.emoji2.text.EmojiCompatInitializer"
107-->[androidx.emoji2:emoji2:1.3.0] AndroidManifest.xml:30:17-75
108                android:value="androidx.startup" />
108-->[androidx.emoji2:emoji2:1.3.0] AndroidManifest.xml:31:17-49
109            <meta-data
109-->[androidx.lifecycle:lifecycle-process:2.7.0] AndroidManifest.xml:29:13-31:52
110                android:name="androidx.lifecycle.ProcessLifecycleInitializer"
110-->[androidx.lifecycle:lifecycle-process:2.7.0] AndroidManifest.xml:30:17-78
111                android:value="androidx.startup" />
111-->[androidx.lifecycle:lifecycle-process:2.7.0] AndroidManifest.xml:31:17-49
112            <meta-data
112-->[androidx.profileinstaller:profileinstaller:1.3.0] AndroidManifest.xml:29:13-31:52
113                android:name="androidx.profileinstaller.ProfileInstallerInitializer"
113-->[androidx.profileinstaller:profileinstaller:1.3.0] AndroidManifest.xml:30:17-85
114                android:value="androidx.startup" />
114-->[androidx.profileinstaller:profileinstaller:1.3.0] AndroidManifest.xml:31:17-49
115        </provider>
116
117        <service
117-->[androidx.room:room-runtime:2.6.1] AndroidManifest.xml:24:9-28:63
118            android:name="androidx.room.MultiInstanceInvalidationService"
118-->[androidx.room:room-runtime:2.6.1] AndroidManifest.xml:25:13-74
119            android:directBootAware="true"
119-->[androidx.room:room-runtime:2.6.1] AndroidManifest.xml:26:13-43
120            android:exported="false" />
120-->[androidx.room:room-runtime:2.6.1] AndroidManifest.xml:27:13-37
121
122        <receiver
122-->[androidx.profileinstaller:profileinstaller:1.3.0] AndroidManifest.xml:34:9-52:20
123            android:name="androidx.profileinstaller.ProfileInstallReceiver"
123-->[androidx.profileinstaller:profileinstaller:1.3.0] AndroidManifest.xml:35:13-76
124            android:directBootAware="false"
124-->[androidx.profileinstaller:profileinstaller:1.3.0] AndroidManifest.xml:36:13-44
125            android:enabled="true"
125-->[androidx.profileinstaller:profileinstaller:1.3.0] AndroidManifest.xml:37:13-35
126            android:exported="true"
126-->[androidx.profileinstaller:profileinstaller:1.3.0] AndroidManifest.xml:38:13-36
127            android:permission="android.permission.DUMP" >
127-->[androidx.profileinstaller:profileinstaller:1.3.0] AndroidManifest.xml:39:13-57
128            <intent-filter>
128-->[androidx.profileinstaller:profileinstaller:1.3.0] AndroidManifest.xml:40:13-42:29
129                <action android:name="androidx.profileinstaller.action.INSTALL_PROFILE" />
129-->[androidx.profileinstaller:profileinstaller:1.3.0] AndroidManifest.xml:41:17-91
129-->[androidx.profileinstaller:profileinstaller:1.3.0] AndroidManifest.xml:41:25-88
130            </intent-filter>
131            <intent-filter>
131-->[androidx.profileinstaller:profileinstaller:1.3.0] AndroidManifest.xml:43:13-45:29
132                <action android:name="androidx.profileinstaller.action.SKIP_FILE" />
132-->[androidx.profileinstaller:profileinstaller:1.3.0] AndroidManifest.xml:44:17-85
132-->[androidx.profileinstaller:profileinstaller:1.3.0] AndroidManifest.xml:44:25-82
133            </intent-filter>
134            <intent-filter>
134-->[androidx.profileinstaller:profileinstaller:1.3.0] AndroidManifest.xml:46:13-48:29
135                <action android:name="androidx.profileinstaller.action.SAVE_PROFILE" />
135-->[androidx.profileinstaller:profileinstaller:1.3.0] AndroidManifest.xml:47:17-88
135-->[androidx.profileinstaller:profileinstaller:1.3.0] AndroidManifest.xml:47:25-85
136            </intent-filter>
137            <intent-filter>
137-->[androidx.profileinstaller:profileinstaller:1.3.0] AndroidManifest.xml:49:13-51:29
138                <action android:name="androidx.profileinstaller.action.BENCHMARK_OPERATION" />
138-->[androidx.profileinstaller:profileinstaller:1.3.0] AndroidManifest.xml:50:17-95
138-->[androidx.profileinstaller:profileinstaller:1.3.0] AndroidManifest.xml:50:25-92
139            </intent-filter>
140        </receiver>
141    </application>
142
143</manifest>